<?xml version="1.0" encoding="UTF-8"?>
<!-- Generated by org.testng.reporters.JUnitReportReporter -->
<testsuite hostname="Mandys-Air.ht.home" failures="0" tests="1" name="tests.Ios.IOSBasicTest" time="8.317" errors="0" timestamp="2023-07-05T22:28:31 EDT" skipped="0">
  <testcase classname="tests.Ios.IOSBasicTest" name="BasicTest" time="8.317"/>
</testsuite> <!-- tests.Ios.IOSBasicTest -->
