<?xml version="1.0" encoding="UTF-8"?>
<!-- Generated by org.testng.reporters.JUnitReportReporter -->
<testsuite skipped="0" hostname="Mandys-Air.ht.home" name="tests.IOSBasicTest" tests="1" failures="0" timestamp="05 Jul 2023 02:20:55 GMT" time="8.640" errors="0">
  <testcase name="BasicTest" time="8.640" classname="tests.IOSBasicTest"/>
</testsuite> <!-- tests.IOSBasicTest -->
